This file contains any messages produced by compilers while
running configure, to aid debugging if configure makes a mistake.

It was created by configure, which was
generated by GNU Autoconf 2.69.  Invocation command line was

  $ ./configure --libdir=/usr/lib

## --------- ##
## Platform. ##
## --------- ##

hostname = Mac-Pro.local
uname -m = x86_64
uname -r = 14.5.0
uname -s = Darwin
uname -v = Darwin Kernel Version 14.5.0: Tue Sep  1 21:23:09 PDT 2015; root:xnu-2782.50.1~1/RELEASE_X86_64

/usr/bin/uname -p = i386
/bin/uname -X     = unknown

/bin/arch              = unknown
/usr/bin/arch -k       = unknown
/usr/convex/getsysinfo = unknown
/usr/bin/hostinfo      = Mach kernel version:
	 Darwin Kernel Version 14.5.0: Tue Sep  1 21:23:09 PDT 2015; root:xnu-2782.50.1~1/RELEASE_X86_64
Kernel configured for up to 8 processors.
4 processors are physically available.
8 processors are logically available.
Processor type: i486 (Intel 80486)
Processors active: 0 1 2 3 4 5 6 7
Primary memory available: 6.00 gigabytes
Default processor set: 251 tasks, 1298 threads, 8 processors
Load average: 3.80, Mach factor: 4.18
/bin/machine           = unknown
/usr/bin/oslevel       = unknown
/bin/universe          = unknown

PATH: /usr/local/sbin
PATH: /Users/fscz/bin
PATH: /Volumes/EXT/android-sdks/platform-tools
PATH: /usr/local/gcc_arm/gcc-arm-none-eabi-4_9-2015q3/bin
PATH: /Users/fscz/go//bin
PATH: /usr/local/bin
PATH: /usr/bin
PATH: /bin
PATH: /usr/sbin
PATH: /sbin
PATH: /opt/X11/bin
PATH: /usr/local/go/bin
PATH: /usr/local/MacGPG2/bin
PATH: /Library/TeX/texbin


## ----------- ##
## Core tests. ##
## ----------- ##

configure:2212: checking build system type
configure:2226: result: i386-apple-darwin14.5.0
configure:2246: checking host system type
configure:2259: result: i386-apple-darwin14.5.0
configure:2328: checking for gcc
configure:2344: found /usr/bin/gcc
configure:2355: result: gcc
configure:2584: checking for C compiler version
configure:2593: gcc --version >&5
Apple LLVM version 7.0.2 (clang-700.1.81)
Target: x86_64-apple-darwin14.5.0
Thread model: posix
Configured with: --prefix=/Applications/Xcode.app/Contents/Developer//usr --with-gxx-include-dir=/usr/include/c++/4.2.1
configure:2604: $? = 0
configure:2593: gcc -v >&5
Configured with: --prefix=/Applications/Xcode.app/Contents/Developer//usr --with-gxx-include-dir=/usr/include/c++/4.2.1
Apple LLVM version 7.0.2 (clang-700.1.81)
Target: x86_64-apple-darwin14.5.0
Thread model: posix
configure:2604: $? = 0
configure:2593: gcc -V >&5
clang: error: argument to '-V' is missing (expected 1 value)
clang: error: no input files
configure:2604: $? = 1
configure:2593: gcc -qversion >&5
clang: error: unknown argument: '-qversion'
clang: error: no input files
configure:2604: $? = 1
configure:2624: checking whether the C compiler works
configure:2646: gcc    conftest.c  >&5
configure:2650: $? = 0
configure:2698: result: yes
configure:2701: checking for C compiler default output file name
configure:2703: result: a.out
configure:2709: checking for suffix of executables
configure:2716: gcc -o conftest    conftest.c  >&5
configure:2720: $? = 0
configure:2742: result: 
configure:2764: checking whether we are cross compiling
configure:2772: gcc -o conftest    conftest.c  >&5
configure:2776: $? = 0
configure:2783: ./conftest
configure:2787: $? = 0
configure:2802: result: no
configure:2807: checking for suffix of object files
configure:2829: gcc -c   conftest.c >&5
configure:2833: $? = 0
configure:2854: result: o
configure:2858: checking whether we are using the GNU C compiler
configure:2877: gcc -c   conftest.c >&5
configure:2877: $? = 0
configure:2886: result: yes
configure:2895: checking whether gcc accepts -g
configure:2915: gcc -c -g  conftest.c >&5
configure:2915: $? = 0
configure:2956: result: yes
configure:2973: checking for gcc option to accept ISO C89
configure:3036: gcc  -c -g -O2  conftest.c >&5
configure:3036: $? = 0
configure:3049: result: none needed
configure:3083: checking for a BSD-compatible install
configure:3151: result: /usr/bin/install -c
configure:3162: checking whether ln -s works
configure:3166: result: yes
configure:3174: checking "if the C compiler accepts -Wall"
configure:3190: gcc -c -g -O2 -Wall  conftest.c >&5
configure:3190: $? = 0
configure:3191: result: yes
configure:3206: checking how to run the C preprocessor
configure:3237: gcc -E  conftest.c
configure:3237: $? = 0
configure:3251: gcc -E  conftest.c
conftest.c:10:10: fatal error: 'ac_nonexistent.h' file not found
#include <ac_nonexistent.h>
         ^
1 error generated.
configure:3251: $? = 1
configure: failed program was:
| /* confdefs.h */
| #define PACKAGE_NAME ""
| #define PACKAGE_TARNAME ""
| #define PACKAGE_VERSION ""
| #define PACKAGE_STRING ""
| #define PACKAGE_BUGREPORT ""
| #define PACKAGE_URL ""
| #define CONF_FILE "/etc/tsocks.conf"
| /* end confdefs.h.  */
| #include <ac_nonexistent.h>
configure:3276: result: gcc -E
configure:3296: gcc -E  conftest.c
configure:3296: $? = 0
configure:3310: gcc -E  conftest.c
conftest.c:10:10: fatal error: 'ac_nonexistent.h' file not found
#include <ac_nonexistent.h>
         ^
1 error generated.
configure:3310: $? = 1
configure: failed program was:
| /* confdefs.h */
| #define PACKAGE_NAME ""
| #define PACKAGE_TARNAME ""
| #define PACKAGE_VERSION ""
| #define PACKAGE_STRING ""
| #define PACKAGE_BUGREPORT ""
| #define PACKAGE_URL ""
| #define CONF_FILE "/etc/tsocks.conf"
| /* end confdefs.h.  */
| #include <ac_nonexistent.h>
configure:3339: checking for grep that handles long lines and -e
configure:3397: result: /usr/bin/grep
configure:3402: checking for egrep
configure:3464: result: /usr/bin/grep -E
configure:3469: checking for ANSI C header files
configure:3489: gcc -c -g -O2 -Wall  conftest.c >&5
configure:3489: $? = 0
configure:3562: gcc -o conftest -g -O2 -Wall   conftest.c  >&5
configure:3562: $? = 0
configure:3562: ./conftest
configure:3562: $? = 0
configure:3573: result: yes
configure:3587: checking for sys/types.h
configure:3587: gcc -c -g -O2 -Wall  conftest.c >&5
configure:3587: $? = 0
configure:3587: result: yes
configure:3587: checking for sys/stat.h
configure:3587: gcc -c -g -O2 -Wall  conftest.c >&5
configure:3587: $? = 0
configure:3587: result: yes
configure:3587: checking for stdlib.h
configure:3587: gcc -c -g -O2 -Wall  conftest.c >&5
configure:3587: $? = 0
configure:3587: result: yes
configure:3587: checking for string.h
configure:3587: gcc -c -g -O2 -Wall  conftest.c >&5
configure:3587: $? = 0
configure:3587: result: yes
configure:3587: checking for memory.h
configure:3587: gcc -c -g -O2 -Wall  conftest.c >&5
configure:3587: $? = 0
configure:3587: result: yes
configure:3587: checking for strings.h
configure:3587: gcc -c -g -O2 -Wall  conftest.c >&5
configure:3587: $? = 0
configure:3587: result: yes
configure:3587: checking for inttypes.h
configure:3587: gcc -c -g -O2 -Wall  conftest.c >&5
configure:3587: $? = 0
configure:3587: result: yes
configure:3587: checking for stdint.h
configure:3587: gcc -c -g -O2 -Wall  conftest.c >&5
configure:3587: $? = 0
configure:3587: result: yes
configure:3587: checking for unistd.h
configure:3587: gcc -c -g -O2 -Wall  conftest.c >&5
configure:3587: $? = 0
configure:3587: result: yes
configure:3599: checking dlfcn.h usability
configure:3599: gcc -c -g -O2 -Wall  conftest.c >&5
configure:3599: $? = 0
configure:3599: result: yes
configure:3599: checking dlfcn.h presence
configure:3599: gcc -E  conftest.c
configure:3599: $? = 0
configure:3599: result: yes
configure:3599: checking for dlfcn.h
configure:3599: result: yes
configure:3608: checking sys/socket.h usability
configure:3608: gcc -c -g -O2 -Wall  conftest.c >&5
configure:3608: $? = 0
configure:3608: result: yes
configure:3608: checking sys/socket.h presence
configure:3608: gcc -E  conftest.c
configure:3608: $? = 0
configure:3608: result: yes
configure:3608: checking for sys/socket.h
configure:3608: result: yes
configure:3617: checking arpa/inet.h usability
configure:3617: gcc -c -g -O2 -Wall  conftest.c >&5
configure:3617: $? = 0
configure:3617: result: yes
configure:3617: checking arpa/inet.h presence
configure:3617: gcc -E  conftest.c
configure:3617: $? = 0
configure:3617: result: yes
configure:3617: checking for arpa/inet.h
configure:3617: result: yes
configure:3626: checking fcntl.h usability
configure:3626: gcc -c -g -O2 -Wall  conftest.c >&5
configure:3626: $? = 0
configure:3626: result: yes
configure:3626: checking fcntl.h presence
configure:3626: gcc -E  conftest.c
configure:3626: $? = 0
configure:3626: result: yes
configure:3626: checking for fcntl.h
configure:3626: result: yes
configure:3635: checking sys/poll.h usability
configure:3635: gcc -c -g -O2 -Wall  conftest.c >&5
configure:3635: $? = 0
configure:3635: result: yes
configure:3635: checking sys/poll.h presence
configure:3635: gcc -E  conftest.c
configure:3635: $? = 0
configure:3635: result: yes
configure:3635: checking for sys/poll.h
configure:3635: result: yes
configure:3646: checking for unistd.h
configure:3646: result: yes
configure:3660: checking for strcspn
configure:3660: gcc -o conftest -g -O2 -Wall   conftest.c  >&5
conftest.c:44:6: warning: incompatible redeclaration of library function 'strcspn' [-Wincompatible-library-redeclaration]
char strcspn ();
     ^
conftest.c:44:6: note: 'strcspn' is a builtin with type 'unsigned long (const char *, const char *)'
1 warning generated.
configure:3660: $? = 0
configure:3660: result: yes
configure:3660: checking for strdup
configure:3660: gcc -o conftest -g -O2 -Wall   conftest.c  >&5
conftest.c:45:6: warning: incompatible redeclaration of library function 'strdup' [-Wincompatible-library-redeclaration]
char strdup ();
     ^
conftest.c:45:6: note: 'strdup' is a builtin with type 'char *(const char *)'
1 warning generated.
configure:3660: $? = 0
configure:3660: result: yes
configure:3660: checking for strerror
configure:3660: gcc -o conftest -g -O2 -Wall   conftest.c  >&5
conftest.c:46:6: warning: incompatible redeclaration of library function 'strerror' [-Wincompatible-library-redeclaration]
char strerror ();
     ^
conftest.c:46:6: note: 'strerror' is a builtin with type 'char *(int)'
1 warning generated.
configure:3660: $? = 0
configure:3660: result: yes
configure:3660: checking for strspn
configure:3660: gcc -o conftest -g -O2 -Wall   conftest.c  >&5
conftest.c:47:6: warning: incompatible redeclaration of library function 'strspn' [-Wincompatible-library-redeclaration]
char strspn ();
     ^
conftest.c:47:6: note: 'strspn' is a builtin with type 'unsigned long (const char *, const char *)'
1 warning generated.
configure:3660: $? = 0
configure:3660: result: yes
configure:3660: checking for strtol
configure:3660: gcc -o conftest -g -O2 -Wall   conftest.c  >&5
configure:3660: $? = 0
configure:3660: result: yes
configure:3678: checking for connect in -l"c"
configure:3703: gcc -o conftest -g -O2 -Wall   conftest.c -lc   >&5
configure:3703: $? = 0
configure:3713: result: yes
configure:3728: checking for socket
configure:3728: gcc -o conftest -g -O2 -Wall   conftest.c  -lc >&5
configure:3728: $? = 0
configure:3728: result: yes
configure:3783: checking for inet_aton
configure:3783: gcc -o conftest -g -O2 -Wall   conftest.c  -lc >&5
configure:3783: $? = 0
configure:3783: result: yes
configure:3845: checking for gethostbyname
configure:3845: gcc -o conftest -g -O2 -Wall   conftest.c  -lc >&5
configure:3845: $? = 0
configure:3845: result: yes
configure:3902: checking for dlsym in -ldl
configure:3927: gcc -o conftest -g -O2 -Wall   conftest.c -ldl   >&5
configure:3927: $? = 0
configure:3936: result: yes
configure:3950: checking "for RTLD_NEXT from dlfcn.h"
configure:3964: result: yes
configure:4163: checking for correct select prototype
configure:4185: gcc -c -g -O2 -Wall  conftest.c >&5
configure:4185: $? = 0
configure:4194: result: select(int n, fd_set *readfds, fd_set *writefds, fd_set *exceptfds, struct timeval *timeout)
configure:4201: checking for correct connect prototype
configure:4228: gcc -c -g -O2 -Wall  conftest.c >&5
conftest.c:35:11: error: conflicting types for 'connect'
      int connect(int __fd, const struct sockaddr * __addr, int len);
          ^
/usr/include/sys/socket.h:563:5: note: previous declaration is here
int     connect(int, const struct sockaddr *, socklen_t) __DARWIN_ALIAS_C( connect);
        ^
1 error generated.
configure:4228: $? = 1
configure: failed program was:
| /* confdefs.h */
| #define PACKAGE_NAME ""
| #define PACKAGE_TARNAME ""
| #define PACKAGE_VERSION ""
| #define PACKAGE_STRING ""
| #define PACKAGE_BUGREPORT ""
| #define PACKAGE_URL ""
| #define CONF_FILE "/etc/tsocks.conf"
| #define STDC_HEADERS 1
| #define HAVE_SYS_TYPES_H 1
| #define HAVE_SYS_STAT_H 1
| #define HAVE_STDLIB_H 1
| #define HAVE_STRING_H 1
| #define HAVE_MEMORY_H 1
| #define HAVE_STRINGS_H 1
| #define HAVE_INTTYPES_H 1
| #define HAVE_STDINT_H 1
| #define HAVE_UNISTD_H 1
| #define HAVE_UNISTD_H 1
| #define HAVE_STRCSPN 1
| #define HAVE_STRDUP 1
| #define HAVE_STRERROR 1
| #define HAVE_STRSPN 1
| #define HAVE_STRTOL 1
| #define HAVE_INET_ATON 1
| #define HAVE_GETHOSTBYNAME 1
| #define HAVE_LIBDL 1
| #define ALLOW_ENV_CONFIG 1
| #define ALLOW_MSG_OUTPUT 1
| #define HOSTNAMES 1
| #define SELECT_SIGNATURE int n, fd_set *readfds, fd_set *writefds, fd_set *exceptfds, struct timeval *timeout
| /* end confdefs.h.  */
| 
|       #include <sys/socket.h>
|       int connect(int __fd, const struct sockaddr * __addr, int len);
| 
| int
| main ()
| {
| 
|   ;
|   return 0;
| }
configure:4228: gcc -c -g -O2 -Wall  conftest.c >&5
conftest.c:35:42: warning: declaration of 'struct sockaddr_in' will not be visible outside of this function [-Wvisibility]
      int connect(int __fd, const struct sockaddr_in * __addr, socklen_t __len);
                                         ^
conftest.c:35:11: error: conflicting types for 'connect'
      int connect(int __fd, const struct sockaddr_in * __addr, socklen_t __len);
          ^
/usr/include/sys/socket.h:563:5: note: previous declaration is here
int     connect(int, const struct sockaddr *, socklen_t) __DARWIN_ALIAS_C( connect);
        ^
1 warning and 1 error generated.
configure:4228: $? = 1
configure: failed program was:
| /* confdefs.h */
| #define PACKAGE_NAME ""
| #define PACKAGE_TARNAME ""
| #define PACKAGE_VERSION ""
| #define PACKAGE_STRING ""
| #define PACKAGE_BUGREPORT ""
| #define PACKAGE_URL ""
| #define CONF_FILE "/etc/tsocks.conf"
| #define STDC_HEADERS 1
| #define HAVE_SYS_TYPES_H 1
| #define HAVE_SYS_STAT_H 1
| #define HAVE_STDLIB_H 1
| #define HAVE_STRING_H 1
| #define HAVE_MEMORY_H 1
| #define HAVE_STRINGS_H 1
| #define HAVE_INTTYPES_H 1
| #define HAVE_STDINT_H 1
| #define HAVE_UNISTD_H 1
| #define HAVE_UNISTD_H 1
| #define HAVE_STRCSPN 1
| #define HAVE_STRDUP 1
| #define HAVE_STRERROR 1
| #define HAVE_STRSPN 1
| #define HAVE_STRTOL 1
| #define HAVE_INET_ATON 1
| #define HAVE_GETHOSTBYNAME 1
| #define HAVE_LIBDL 1
| #define ALLOW_ENV_CONFIG 1
| #define ALLOW_MSG_OUTPUT 1
| #define HOSTNAMES 1
| #define SELECT_SIGNATURE int n, fd_set *readfds, fd_set *writefds, fd_set *exceptfds, struct timeval *timeout
| /* end confdefs.h.  */
| 
|       #include <sys/socket.h>
|       int connect(int __fd, const struct sockaddr_in * __addr, socklen_t __len);
| 
| int
| main ()
| {
| 
|   ;
|   return 0;
| }
configure:4228: gcc -c -g -O2 -Wall  conftest.c >&5
conftest.c:35:11: error: conflicting types for 'connect'
      int connect(int __fd, struct sockaddr * __addr, int __len);
          ^
/usr/include/sys/socket.h:563:5: note: previous declaration is here
int     connect(int, const struct sockaddr *, socklen_t) __DARWIN_ALIAS_C( connect);
        ^
1 error generated.
configure:4228: $? = 1
configure: failed program was:
| /* confdefs.h */
| #define PACKAGE_NAME ""
| #define PACKAGE_TARNAME ""
| #define PACKAGE_VERSION ""
| #define PACKAGE_STRING ""
| #define PACKAGE_BUGREPORT ""
| #define PACKAGE_URL ""
| #define CONF_FILE "/etc/tsocks.conf"
| #define STDC_HEADERS 1
| #define HAVE_SYS_TYPES_H 1
| #define HAVE_SYS_STAT_H 1
| #define HAVE_STDLIB_H 1
| #define HAVE_STRING_H 1
| #define HAVE_MEMORY_H 1
| #define HAVE_STRINGS_H 1
| #define HAVE_INTTYPES_H 1
| #define HAVE_STDINT_H 1
| #define HAVE_UNISTD_H 1
| #define HAVE_UNISTD_H 1
| #define HAVE_STRCSPN 1
| #define HAVE_STRDUP 1
| #define HAVE_STRERROR 1
| #define HAVE_STRSPN 1
| #define HAVE_STRTOL 1
| #define HAVE_INET_ATON 1
| #define HAVE_GETHOSTBYNAME 1
| #define HAVE_LIBDL 1
| #define ALLOW_ENV_CONFIG 1
| #define ALLOW_MSG_OUTPUT 1
| #define HOSTNAMES 1
| #define SELECT_SIGNATURE int n, fd_set *readfds, fd_set *writefds, fd_set *exceptfds, struct timeval *timeout
| /* end confdefs.h.  */
| 
|       #include <sys/socket.h>
|       int connect(int __fd, struct sockaddr * __addr, int __len);
| 
| int
| main ()
| {
| 
|   ;
|   return 0;
| }
configure:4228: gcc -c -g -O2 -Wall  conftest.c >&5
configure:4228: $? = 0
configure:4237: result: connect(int __fd, const struct sockaddr * __addr, socklen_t __len)
configure:4255: checking for correct close prototype
configure:4276: gcc -c -g -O2 -Wall  conftest.c >&5
configure:4276: $? = 0
configure:4285: result: close(int fd)
configure:4292: checking for correct poll prototype
configure:4312: gcc -c -g -O2 -Wall  conftest.c >&5
configure:4312: $? = 0
configure:4321: result: poll(struct pollfd *ufds, nfds_t nfds, int timeout)
configure:4332: checking if the linker accepts -dynamiclib
configure:4347: gcc -c -g -O2 -Wall  conftest.c >&5
configure:4347: $? = 0
configure:4348: result: yes
configure:4358: checking if the linker accepts -multiply_defined suppress
configure:4373: gcc -c -g -O2 -Wall  conftest.c >&5
configure:4373: $? = 0
configure:4374: result: yes
configure:4384: checking if the linker accepts -single_module
configure:4401: gcc -c -g -O2 -Wall  conftest.c >&5
configure:4401: $? = 0
configure:4405: result: yes
configure:4538: creating ./config.status

## ---------------------- ##
## Running config.status. ##
## ---------------------- ##

This file was extended by config.status, which was
generated by GNU Autoconf 2.69.  Invocation command line was

  CONFIG_FILES    = 
  CONFIG_HEADERS  = 
  CONFIG_LINKS    = 
  CONFIG_COMMANDS = 
  $ ./config.status 

on Mac-Pro.local

config.status:834: creating Makefile
config.status:937: WARNING:  'Makefile.in' seems to ignore the --datarootdir setting
config.status:834: creating tsocks
config.status:834: creating config.h
config.status:1009: config.h is unchanged

## ---------------- ##
## Cache variables. ##
## ---------------- ##

ac_cv_build=i386-apple-darwin14.5.0
ac_cv_c_compiler_gnu=yes
ac_cv_env_CC_set=
ac_cv_env_CC_value=
ac_cv_env_CFLAGS_set=
ac_cv_env_CFLAGS_value=
ac_cv_env_CPPFLAGS_set=
ac_cv_env_CPPFLAGS_value=
ac_cv_env_CPP_set=
ac_cv_env_CPP_value=
ac_cv_env_LDFLAGS_set=
ac_cv_env_LDFLAGS_value=
ac_cv_env_LIBS_set=
ac_cv_env_LIBS_value=
ac_cv_env_build_alias_set=
ac_cv_env_build_alias_value=
ac_cv_env_host_alias_set=
ac_cv_env_host_alias_value=
ac_cv_env_target_alias_set=
ac_cv_env_target_alias_value=
ac_cv_func_gethostbyname=yes
ac_cv_func_inet_aton=yes
ac_cv_func_socket=yes
ac_cv_func_strcspn=yes
ac_cv_func_strdup=yes
ac_cv_func_strerror=yes
ac_cv_func_strspn=yes
ac_cv_func_strtol=yes
ac_cv_header_arpa_inet_h=yes
ac_cv_header_dlfcn_h=yes
ac_cv_header_fcntl_h=yes
ac_cv_header_inttypes_h=yes
ac_cv_header_memory_h=yes
ac_cv_header_stdc=yes
ac_cv_header_stdint_h=yes
ac_cv_header_stdlib_h=yes
ac_cv_header_string_h=yes
ac_cv_header_strings_h=yes
ac_cv_header_sys_poll_h=yes
ac_cv_header_sys_socket_h=yes
ac_cv_header_sys_stat_h=yes
ac_cv_header_sys_types_h=yes
ac_cv_header_unistd_h=yes
ac_cv_host=i386-apple-darwin14.5.0
ac_cv_lib_c___connect=yes
ac_cv_lib_dl_dlsym=yes
ac_cv_objext=o
ac_cv_path_EGREP='/usr/bin/grep -E'
ac_cv_path_GREP=/usr/bin/grep
ac_cv_path_install='/usr/bin/install -c'
ac_cv_prog_CPP='gcc -E'
ac_cv_prog_ac_ct_CC=gcc
ac_cv_prog_cc_c89=
ac_cv_prog_cc_g=yes

## ----------------- ##
## Output variables. ##
## ----------------- ##

CC='gcc'
CFLAGS='-g -O2 -Wall'
CPP='gcc -E'
CPPFLAGS=''
DEFS='-DHAVE_CONFIG_H'
ECHO_C='\c'
ECHO_N=''
ECHO_T=''
EGREP='/usr/bin/grep -E'
EXEEXT=''
FIND=''
GREP='/usr/bin/grep'
INSTALL_DATA='${INSTALL} -m 644'
INSTALL_PROGRAM='${INSTALL}'
INSTALL_SCRIPT='${INSTALL}'
LDFLAGS=' -dynamiclib -multiply_defined suppress -single_module'
LD_PRELOAD='DYLD_INSERT_LIBRARIES'
LIBOBJS=''
LIBS=' -lc'
LN_S='ln -s'
LTLIBOBJS=''
OBJEXT='o'
PACKAGE_BUGREPORT=''
PACKAGE_NAME=''
PACKAGE_STRING=''
PACKAGE_TARNAME=''
PACKAGE_URL=''
PACKAGE_VERSION=''
PATH_SEPARATOR=':'
SHELL='/bin/sh'
SHLIB_EXT='dylib'
SPECIALLIBS='-ldl '
TAIL=''
ac_ct_CC='gcc'
bindir='${exec_prefix}/bin'
build='i386-apple-darwin14.5.0'
build_alias=''
build_cpu='i386'
build_os='darwin14.5.0'
build_vendor='apple'
datadir='${datarootdir}'
datarootdir='${prefix}/share'
docdir='${datarootdir}/doc/${PACKAGE}'
dvidir='${docdir}'
exec_prefix='${prefix}'
host='i386-apple-darwin14.5.0'
host_alias=''
host_cpu='i386'
host_os='darwin14.5.0'
host_vendor='apple'
htmldir='${docdir}'
includedir='${prefix}/include'
infodir='${datarootdir}/info'
libdir='/usr/lib'
libexecdir='${exec_prefix}/libexec'
localedir='${datarootdir}/locale'
localstatedir='${prefix}/var'
mandir='${datarootdir}/man'
oldincludedir='/usr/include'
pdfdir='${docdir}'
prefix='/usr'
program_transform_name='s,x,x,'
psdir='${docdir}'
sbindir='${exec_prefix}/sbin'
sharedstatedir='${prefix}/com'
sysconfdir='${prefix}/etc'
target_alias=''

## ----------- ##
## confdefs.h. ##
## ----------- ##

/* confdefs.h */
#define PACKAGE_NAME ""
#define PACKAGE_TARNAME ""
#define PACKAGE_VERSION ""
#define PACKAGE_STRING ""
#define PACKAGE_BUGREPORT ""
#define PACKAGE_URL ""
#define CONF_FILE "/etc/tsocks.conf"
#define STDC_HEADERS 1
#define HAVE_SYS_TYPES_H 1
#define HAVE_SYS_STAT_H 1
#define HAVE_STDLIB_H 1
#define HAVE_STRING_H 1
#define HAVE_MEMORY_H 1
#define HAVE_STRINGS_H 1
#define HAVE_INTTYPES_H 1
#define HAVE_STDINT_H 1
#define HAVE_UNISTD_H 1
#define HAVE_UNISTD_H 1
#define HAVE_STRCSPN 1
#define HAVE_STRDUP 1
#define HAVE_STRERROR 1
#define HAVE_STRSPN 1
#define HAVE_STRTOL 1
#define HAVE_INET_ATON 1
#define HAVE_GETHOSTBYNAME 1
#define HAVE_LIBDL 1
#define ALLOW_ENV_CONFIG 1
#define ALLOW_MSG_OUTPUT 1
#define HOSTNAMES 1
#define SELECT_SIGNATURE int n, fd_set *readfds, fd_set *writefds, fd_set *exceptfds, struct timeval *timeout
#define CONNECT_SIGNATURE int __fd, const struct sockaddr * __addr, socklen_t __len
#define CONNECT_SOCKARG struct sockaddr *
#define CLOSE_SIGNATURE int fd
#define POLL_SIGNATURE struct pollfd *ufds, nfds_t nfds, int timeout

configure: exit 0
